ALERTI Low price detected for LHR -> JFK!
Current price: $450.0
Target price: $500.0
Go book your flight now!
--------------------
ALERTI Low price detected for LHR -> JFK!
Current price: $450.0
Target price: $500.0
Go book your flight now!
--------------------
ALERT! Low price detected for LHR -> JFK!
Current price: $450.0
Target price: $1000.0
Go book your flight now!
--------------------
ALERT! Low price detected for LHR -> JFK!
Current price: $450.0
Target price: $1000.0
Go book your flight now!
--------------------
ALERT! Low price detected for LHR -> JFK!
Current price: $413.93
Target price: $1000.0
Go book your flight now!
--------------------
ALERT! Low price detected for LHR -> JFK!
Current price: $413.93
Target price: $1000.0
Go book your flight now!
--------------------
